2018-06-02 21:03:00.781750: I tensorflow/core/platform/cpu_feature_guard.cc:140] Your CPU supports instructions that this TensorFlow binary was not compiled to use: AVX2 FMA
2018-06-02 21:03:01.171293: I tensorflow/stream_executor/cuda/cuda_gpu_executor.cc:898] successful NUMA node read from SysFS had negative value (-1), but there must be at least one NUMA node, so returning NUMA node zero
2018-06-02 21:03:01.171817: I tensorflow/core/common_runtime/gpu/gpu_device.cc:1356] Found device 0 with properties: 
name: Tesla K80 major: 3 minor: 7 memoryClockRate(GHz): 0.8235
pciBusID: 0000:00:1e.0
totalMemory: 11.17GiB freeMemory: 11.10GiB
2018-06-02 21:03:01.171846: I tensorflow/core/common_runtime/gpu/gpu_device.cc:1435] Adding visible gpu devices: 0
2018-06-02 21:03:02.761469: I tensorflow/core/common_runtime/gpu/gpu_device.cc:923] Device interconnect StreamExecutor with strength 1 edge matrix:
2018-06-02 21:03:02.761532: I tensorflow/core/common_runtime/gpu/gpu_device.cc:929]      0 
2018-06-02 21:03:02.761546: I tensorflow/core/common_runtime/gpu/gpu_device.cc:942] 0:   N 
2018-06-02 21:03:02.761926: I tensorflow/core/common_runtime/gpu/gpu_device.cc:1053] Created TensorFlow device (/job:localhost/replica:0/task:0/device:GPU:0 with 10763 MB memory) -> physical GPU (device: 0, name: Tesla K80, pci bus id: 0000:00:1e.0, compute capability: 3.7)
Start running..................
Fitting 10 folds for each of 9 candidates, totalling 90 fits
[CV] dropout=0.01, neurons=7 .........................................
[CV]  dropout=0.01, neurons=7, score=-0.6937315387614447, total= 4.6min
[CV] dropout=0.01, neurons=7 .........................................
[CV]  dropout=0.01, neurons=7, score=-0.6932706985825532, total= 4.7min
[CV] dropout=0.01, neurons=7 .........................................
[CV]  dropout=0.01, neurons=7, score=-0.6928357115070514, total= 4.7min
[CV] dropout=0.01, neurons=7 .........................................
[CV]  dropout=0.01, neurons=7, score=-0.6935853476196822, total= 4.6min
[CV] dropout=0.01, neurons=7 .........................................
[CV]  dropout=0.01, neurons=7, score=-0.6924203523267959, total= 4.5min
[CV] dropout=0.01, neurons=7 .........................................
[CV]  dropout=0.01, neurons=7, score=-0.6926504469260084, total= 4.3min
[CV] dropout=0.01, neurons=7 .........................................
[CV]  dropout=0.01, neurons=7, score=-0.6926863829100143, total= 4.4min
[CV] dropout=0.01, neurons=7 .........................................
[CV]  dropout=0.01, neurons=7, score=-0.6933924531776267, total= 4.3min
[CV] dropout=0.01, neurons=7 .........................................
[CV]  dropout=0.01, neurons=7, score=-0.6921121078412876, total= 4.5min
[CV] dropout=0.01, neurons=7 .........................................
[CV]  dropout=0.01, neurons=7, score=-0.6938486632895065, total= 4.3min
[CV] dropout=0.01, neurons=10 ........................................
[CV]  dropout=0.01, neurons=10, score=-0.6939560647112166, total= 4.6min
[CV] dropout=0.01, neurons=10 ........................................
[CV]  dropout=0.01, neurons=10, score=-0.6933024604130937, total= 3.9min
[CV] dropout=0.01, neurons=10 ........................................
[CV]  dropout=0.01, neurons=10, score=-0.6931142597301191, total= 3.9min
[CV] dropout=0.01, neurons=10 ........................................
[CV]  dropout=0.01, neurons=10, score=-0.6936734962410841, total= 3.6min
[CV] dropout=0.01, neurons=10 ........................................
[CV]  dropout=0.01, neurons=10, score=-0.6924717126386958, total= 3.2min
[CV] dropout=0.01, neurons=10 ........................................
[CV]  dropout=0.01, neurons=10, score=-0.6927318551322543, total= 3.1min
[CV] dropout=0.01, neurons=10 ........................................
[CV]  dropout=0.01, neurons=10, score=-0.692736683173297, total= 2.7min
[CV] dropout=0.01, neurons=10 ........................................
[CV]  dropout=0.01, neurons=10, score=-0.6929800506942535, total= 2.8min
[CV] dropout=0.01, neurons=10 ........................................
[CV]  dropout=0.01, neurons=10, score=-0.6919931909880012, total= 2.6min
[CV] dropout=0.01, neurons=10 ........................................
[CV]  dropout=0.01, neurons=10, score=-0.6938128398952506, total= 2.6min
[CV] dropout=0.01, neurons=14 ........................................
[CV]  dropout=0.01, neurons=14, score=-0.6933252211689067, total= 2.7min
[CV] dropout=0.01, neurons=14 ........................................
[CV]  dropout=0.01, neurons=14, score=-0.6940121343834177, total= 2.4min
[CV] dropout=0.01, neurons=14 ........................................
[CV]  dropout=0.01, neurons=14, score=-0.6929315475941785, total= 2.0min
[CV] dropout=0.01, neurons=14 ........................................
[CV]  dropout=0.01, neurons=14, score=-0.693616250158309, total= 2.0min
[CV] dropout=0.01, neurons=14 ........................................
[CV]  dropout=0.01, neurons=14, score=-0.6923458325371654, total= 2.0min
[CV] dropout=0.01, neurons=14 ........................................
[CV]  dropout=0.01, neurons=14, score=-0.6932541828545424, total= 2.0min
[CV] dropout=0.01, neurons=14 ........................................
[CV]  dropout=0.01, neurons=14, score=-0.6932985270862809, total= 2.0min
[CV] dropout=0.01, neurons=14 ........................................
[CV]  dropout=0.01, neurons=14, score=-0.693423685590086, total= 2.0min
[CV] dropout=0.01, neurons=14 ........................................
[CV]  dropout=0.01, neurons=14, score=-0.6920724379096074, total= 2.0min
[CV] dropout=0.01, neurons=14 ........................................
[CV]  dropout=0.01, neurons=14, score=-0.6944906669822732, total= 2.0min
[CV] dropout=0.26, neurons=7 .........................................
[CV]  dropout=0.26, neurons=7, score=-0.6932894789071606, total= 2.0min
[CV] dropout=0.26, neurons=7 .........................................
[CV]  dropout=0.26, neurons=7, score=-0.6929156336495206, total= 2.0min
[CV] dropout=0.26, neurons=7 .........................................
[CV]  dropout=0.26, neurons=7, score=-0.6927392495595576, total= 2.0min
[CV] dropout=0.26, neurons=7 .........................................
[CV]  dropout=0.26, neurons=7, score=-0.693080646446969, total= 2.1min
[CV] dropout=0.26, neurons=7 .........................................
[CV]  dropout=0.26, neurons=7, score=-0.6924432486104004, total= 2.0min
[CV] dropout=0.26, neurons=7 .........................................
[CV]  dropout=0.26, neurons=7, score=-0.6923643419267969, total= 2.1min
[CV] dropout=0.26, neurons=7 .........................................
[CV]  dropout=0.26, neurons=7, score=-0.6927144151089294, total= 2.1min
[CV] dropout=0.26, neurons=7 .........................................
[CV]  dropout=0.26, neurons=7, score=-0.6931320911675074, total= 2.1min
[CV] dropout=0.26, neurons=7 .........................................
[CV]  dropout=0.26, neurons=7, score=-0.6919726086302049, total= 2.1min
[CV] dropout=0.26, neurons=7 .........................................
[CV]  dropout=0.26, neurons=7, score=-0.6936647507318185, total= 2.1min
[CV] dropout=0.26, neurons=10 ........................................
[CV]  dropout=0.26, neurons=10, score=-0.6934277129046507, total= 2.1min
[CV] dropout=0.26, neurons=10 ........................................
[CV]  dropout=0.26, neurons=10, score=-0.6928868172684305, total= 2.1min
[CV] dropout=0.26, neurons=10 ........................................
[CV]  dropout=0.26, neurons=10, score=-0.6927470595006766, total= 2.1min
[CV] dropout=0.26, neurons=10 ........................................
[CV]  dropout=0.26, neurons=10, score=-0.6938254630528622, total= 2.1min
[CV] dropout=0.26, neurons=10 ........................................
[CV]  dropout=0.26, neurons=10, score=-0.6919055317994895, total= 2.1min
[CV] dropout=0.26, neurons=10 ........................................
[CV]  dropout=0.26, neurons=10, score=-0.6923829692783905, total= 2.1min
[CV] dropout=0.26, neurons=10 ........................................
[CV]  dropout=0.26, neurons=10, score=-0.6930393380115493, total= 2.1min
[CV] dropout=0.26, neurons=10 ........................................
[CV]  dropout=0.26, neurons=10, score=-0.6929453480616263, total= 2.1min
[CV] dropout=0.26, neurons=10 ........................................
[CV]  dropout=0.26, neurons=10, score=-0.6921708592283506, total= 2.1min
[CV] dropout=0.26, neurons=10 ........................................
[CV]  dropout=0.26, neurons=10, score=-0.6936657359299151, total= 2.1min
[CV] dropout=0.26, neurons=14 ........................................
[CV]  dropout=0.26, neurons=14, score=-0.6935770487388596, total= 2.1min
[CV] dropout=0.26, neurons=14 ........................................
[CV]  dropout=0.26, neurons=14, score=-0.6931526062253957, total= 2.1min
[CV] dropout=0.26, neurons=14 ........................................
[CV]  dropout=0.26, neurons=14, score=-0.6928768641096452, total= 2.1min
[CV] dropout=0.26, neurons=14 ........................................
[CV]  dropout=0.26, neurons=14, score=-0.6933889848642544, total= 2.1min
[CV] dropout=0.26, neurons=14 ........................................
[CV]  dropout=0.26, neurons=14, score=-0.6921928965669032, total= 2.1min
[CV] dropout=0.26, neurons=14 ........................................
[CV]  dropout=0.26, neurons=14, score=-0.6924062722339992, total= 2.1min
[CV] dropout=0.26, neurons=14 ......................................../home/ubuntu/anaconda3/lib/python3.6/site-packages/matplotlib/__init__.py:1067: UserWarning: Duplicate key in file "/home/ubuntu/.config/matplotlib/matplotlibrc", line #2
  (fname, cnt))
/home/ubuntu/anaconda3/lib/python3.6/site-packages/matplotlib/__init__.py:1067: UserWarning: Duplicate key in file "/home/ubuntu/.config/matplotlib/matplotlibrc", line #3
  (fname, cnt))
/home/ubuntu/anaconda3/lib/python3.6/site-packages/h5py/__init__.py:36: FutureWarning: Conversion of the second argument of issubdtype from `float` to `np.floating` is deprecated. In future, it will be treated as `np.float64 == np.dtype(float).type`.
  from ._conv import register_converters as _register_converters
Using TensorFlow backend.
[Parallel(n_jobs=1)]: Done   1 out of   1 | elapsed:  4.8min remaining:    0.0s
[Parallel(n_jobs=1)]: Done   2 out of   2 | elapsed:  9.8min remaining:    0.0s
[Parallel(n_jobs=1)]: Done  90 out of  90 | elapsed: 237.4min finished

[CV]  dropout=0.26, neurons=14, score=-0.6929266701531388, total= 2.2min
[CV] dropout=0.26, neurons=14 ........................................
[CV]  dropout=0.26, neurons=14, score=-0.6932550053645483, total= 2.2min
[CV] dropout=0.26, neurons=14 ........................................
[CV]  dropout=0.26, neurons=14, score=-0.6921109606911714, total= 2.2min
[CV] dropout=0.26, neurons=14 ........................................
[CV]  dropout=0.26, neurons=14, score=-0.6934976610090872, total= 2.2min
[CV] dropout=0.37, neurons=7 .........................................
[CV]  dropout=0.37, neurons=7, score=-0.6936276907462269, total= 2.2min
[CV] dropout=0.37, neurons=7 .........................................
[CV]  dropout=0.37, neurons=7, score=-0.6930663299492349, total= 2.2min
[CV] dropout=0.37, neurons=7 .........................................
[CV]  dropout=0.37, neurons=7, score=-0.6926188985836853, total= 2.2min
[CV] dropout=0.37, neurons=7 .........................................
[CV]  dropout=0.37, neurons=7, score=-0.693075794435338, total= 2.2min
[CV] dropout=0.37, neurons=7 .........................................
[CV]  dropout=0.37, neurons=7, score=-0.6923147585645769, total= 2.2min
[CV] dropout=0.37, neurons=7 .........................................
[CV]  dropout=0.37, neurons=7, score=-0.6923871556769913, total= 2.2min
[CV] dropout=0.37, neurons=7 .........................................
[CV]  dropout=0.37, neurons=7, score=-0.6926171558587357, total= 2.2min
[CV] dropout=0.37, neurons=7 .........................................
[CV]  dropout=0.37, neurons=7, score=-0.6928428842760314, total= 2.2min
[CV] dropout=0.37, neurons=7 .........................................
[CV]  dropout=0.37, neurons=7, score=-0.6921471046566711, total= 2.2min
[CV] dropout=0.37, neurons=7 .........................................
[CV]  dropout=0.37, neurons=7, score=-0.6934739549671584, total= 2.2min
[CV] dropout=0.37, neurons=10 ........................................
[CV]  dropout=0.37, neurons=10, score=-0.6933595559824711, total= 2.2min
[CV] dropout=0.37, neurons=10 ........................................
[CV]  dropout=0.37, neurons=10, score=-0.6929806280818084, total= 2.2min
[CV] dropout=0.37, neurons=10 ........................................
[CV]  dropout=0.37, neurons=10, score=-0.6927572678530813, total= 2.2min
[CV] dropout=0.37, neurons=10 ........................................
[CV]  dropout=0.37, neurons=10, score=-0.6930174256967919, total= 2.2min
[CV] dropout=0.37, neurons=10 ........................................
[CV]  dropout=0.37, neurons=10, score=-0.6921867698781217, total= 2.2min
[CV] dropout=0.37, neurons=10 ........................................
[CV]  dropout=0.37, neurons=10, score=-0.6924164863456088, total= 2.2min
[CV] dropout=0.37, neurons=10 ........................................
[CV]  dropout=0.37, neurons=10, score=-0.6927743924858087, total= 2.2min
[CV] dropout=0.37, neurons=10 ........................................
[CV]  dropout=0.37, neurons=10, score=-0.6930270346657819, total= 2.2min
[CV] dropout=0.37, neurons=10 ........................................
[CV]  dropout=0.37, neurons=10, score=-0.6921087542032806, total= 2.3min
[CV] dropout=0.37, neurons=10 ........................................
[CV]  dropout=0.37, neurons=10, score=-0.6935987075364546, total= 2.2min
[CV] dropout=0.37, neurons=14 ........................................
[CV]  dropout=0.37, neurons=14, score=-0.6932726734030301, total= 2.3min
[CV] dropout=0.37, neurons=14 ........................................
[CV]  dropout=0.37, neurons=14, score=-0.6933965280481552, total= 2.3min
[CV] dropout=0.37, neurons=14 ........................................
[CV]  dropout=0.37, neurons=14, score=-0.6928669470531303, total= 2.3min
[CV] dropout=0.37, neurons=14 ........................................
[CV]  dropout=0.37, neurons=14, score=-0.6930005156459231, total= 2.3min
[CV] dropout=0.37, neurons=14 ........................................
[CV]  dropout=0.37, neurons=14, score=-0.6923602069727759, total= 2.3min
[CV] dropout=0.37, neurons=14 ........................................
[CV]  dropout=0.37, neurons=14, score=-0.6925071081114712, total= 2.3min
[CV] dropout=0.37, neurons=14 ........................................
[CV]  dropout=0.37, neurons=14, score=-0.6926634417043671, total= 2.3min
[CV] dropout=0.37, neurons=14 ........................................
[CV]  dropout=0.37, neurons=14, score=-0.6929605078755574, total= 2.3min
[CV] dropout=0.37, neurons=14 ........................................
[CV]  dropout=0.37, neurons=14, score=-0.692179045424163, total= 2.3min
[CV] dropout=0.37, neurons=14 ........................................
[CV]  dropout=0.37, neurons=14, score=-0.6938869502722893, total= 2.3min
Best: -0.692817 using {'dropout': 0.37, 'neurons': 7}
-0.693053 (0.000563) with: {'dropout': 0.01, 'neurons': 7}
-0.693077 (0.000592) with: {'dropout': 0.01, 'neurons': 10}
-0.693279 (0.000679) with: {'dropout': 0.01, 'neurons': 14}
-0.692832 (0.000470) with: {'dropout': 0.26, 'neurons': 7}
-0.692899 (0.000597) with: {'dropout': 0.26, 'neurons': 10}
-0.692938 (0.000510) with: {'dropout': 0.26, 'neurons': 14}
-0.692817 (0.000468) with: {'dropout': 0.37, 'neurons': 7}
-0.692823 (0.000457) with: {'dropout': 0.37, 'neurons': 10}
-0.692910 (0.000491) with: {'dropout': 0.37, 'neurons': 14}
_________________________________________________________________
Layer (type)                 Output Shape              Param #   
=================================================================
dense_181 (Dense)            (None, 7)                 350       
_________________________________________________________________
batch_normalization_91 (Batc (None, 7)                 28        
_________________________________________________________________
dropout_91 (Dropout)         (None, 7)                 0         
_________________________________________________________________
activation_91 (Activation)   (None, 7)                 0         
_________________________________________________________________
dense_182 (Dense)            (None, 1)                 8         
=================================================================
Total params: 386
Trainable params: 372
Non-trainable params: 14
_________________________________________________________________
era121: loss - 0.692526031498173 consistent: True
era122: loss - 0.6907362000431782 consistent: True
era123: loss - 0.6922359638857382 consistent: True
era124: loss - 0.6912428438819271 consistent: True
era125: loss - 0.6917204642092166 consistent: True
era126: loss - 0.6916418703357179 consistent: True
era127: loss - 0.6947800056206924 consistent: False
era128: loss - 0.6920286971845361 consistent: True
era129: loss - 0.6909731441677087 consistent: True
era130: loss - 0.691141957962397 consistent: True
era131: loss - 0.6915722771396016 consistent: True
era132: loss - 0.6931588295482525 consistent: False
Consistency: 0.8333333333333334
Saved: ./predictions/./dl_predictions_1527987782_.6928168722403117.csv
Saved stats: ./logs/stats_deep_learning.txt
Fished: 14428.693867206573s
